This file contains any messages produced by compilers while
running configure, to aid debugging if configure makes a mistake.

It was created by tsp  configure 0.01, which was
generated by GNU Autoconf 2.61.  Invocation command line was

  $ ./configure 

## --------- ##
## Platform. ##
## --------- ##

hostname = omhp-uva-142.wireless.uva.nl
uname -m = i386
uname -r = 9.1.0
uname -s = Darwin
uname -v = Darwin Kernel Version 9.1.0: Wed Oct 31 17:46:22 PDT 2007; root:xnu-1228.0.2~1/RELEASE_I386

/usr/bin/uname -p = i386
/bin/uname -X     = unknown

/bin/arch              = unknown
/usr/bin/arch -k       = unknown
/usr/convex/getsysinfo = unknown
/usr/bin/hostinfo      = Mach kernel version:
	 Darwin Kernel Version 9.1.0: Wed Oct 31 17:46:22 PDT 2007; root:xnu-1228.0.2~1/RELEASE_I386
Kernel configured for up to 2 processors.
2 processors are physically available.
2 processors are logically available.
Processor type: i486 (Intel 80486)
Processors active: 0 1
Primary memory available: 2.00 gigabytes
Default processor set: 87 tasks, 343 threads, 2 processors
Load average: 0.94, Mach factor: 1.29
/bin/machine           = unknown
/usr/bin/oslevel       = unknown
/bin/universe          = unknown

PATH: /opt/local/bin
PATH: /opt/local/sbin
PATH: /Applications/Vim.app/Contents/MacOS/
PATH: /usr/bin
PATH: /bin
PATH: /usr/sbin
PATH: /sbin
PATH: /usr/local/bin
PATH: /usr/X11/bin
PATH: /usr/local/bin
PATH: /usr/texbin
PATH: /usr/local/bin
PATH: /bin
PATH: /usr/bin
PATH: /Users/anton/unix/bin
PATH: /Applications/Doxygen.app/Contents/Resources


## ----------- ##
## Core tests. ##
## ----------- ##

configure:1742: checking for a BSD-compatible install
configure:1798: result: /opt/local/bin/ginstall -c
configure:1809: checking whether build environment is sane
configure:1852: result: yes
configure:1880: checking for a thread-safe mkdir -p
configure:1919: result: /opt/local/bin/gmkdir -p
configure:1932: checking for gawk
configure:1948: found /opt/local/bin/gawk
configure:1959: result: gawk
configure:1970: checking whether make sets $(MAKE)
configure:1991: result: yes
configure:2232: checking for gcc
configure:2248: found /usr/bin/gcc
configure:2259: result: gcc
configure:2497: checking for C compiler version
configure:2504: gcc --version >&5
i686-apple-darwin9-gcc-4.0.1 (GCC) 4.0.1 (Apple Inc. build 5465)
Copyright (C) 2005 Free Software Foundation, Inc.
This is free software; see the source for copying conditions.  There is NO
warranty; not even for MERCHANTABILITY or FITNESS FOR A PARTICULAR PURPOSE.

configure:2507: $? = 0
configure:2514: gcc -v >&5
Using built-in specs.
Target: i686-apple-darwin9
Configured with: /var/tmp/gcc/gcc-5465~16/src/configure --disable-checking -enable-werror --prefix=/usr --mandir=/share/man --enable-languages=c,objc,c++,obj-c++ --program-transform-name=/^[cg][^.-]*$/s/$/-4.0/ --with-gxx-include-dir=/include/c++/4.0.0 --with-slibdir=/usr/lib --build=i686-apple-darwin9 --with-arch=apple --with-tune=generic --host=i686-apple-darwin9 --target=i686-apple-darwin9
Thread model: posix
gcc version 4.0.1 (Apple Inc. build 5465)
configure:2517: $? = 0
configure:2524: gcc -V >&5
gcc-4.0: argument to `-V' is missing
configure:2527: $? = 1
configure:2550: checking for C compiler default output file name
configure:2577: gcc    conftest.c  >&5
configure:2580: $? = 0
configure:2618: result: a.out
configure:2635: checking whether the C compiler works
configure:2645: ./a.out
configure:2648: $? = 0
configure:2665: result: yes
configure:2672: checking whether we are cross compiling
configure:2674: result: no
configure:2677: checking for suffix of executables
configure:2684: gcc -o conftest    conftest.c  >&5
configure:2687: $? = 0
configure:2711: result: 
configure:2717: checking for suffix of object files
configure:2743: gcc -c   conftest.c >&5
configure:2746: $? = 0
configure:2769: result: o
configure:2773: checking whether we are using the GNU C compiler
configure:2802: gcc -c   conftest.c >&5
configure:2808: $? = 0
configure:2825: result: yes
configure:2830: checking whether gcc accepts -g
configure:2860: gcc -c -g  conftest.c >&5
configure:2866: $? = 0
configure:2965: result: yes
configure:2982: checking for gcc option to accept ISO C89
configure:3056: gcc  -c -g -O2  conftest.c >&5
configure:3062: $? = 0
configure:3085: result: none needed
configure:3114: checking for style of include used by make
configure:3142: result: GNU
configure:3167: checking dependency style of gcc
configure:3258: result: gcc3
configure:3318: checking for gsl-config
configure:3336: found /opt/local/bin/gsl-config
configure:3349: result: /opt/local/bin/gsl-config
configure:3358: checking for GSL - version >= 0.2.5
configure:3468: gcc -o conftest -g -O2 -I/opt/local/include   conftest.c  -L/opt/local/lib -lgsl -lgslcblas -lm >&5
configure:3471: $? = 0
configure:3477: ./conftest
configure:3480: $? = 0
configure:3500: result: yes
configure:3709: creating ./config.status

## ---------------------- ##
## Running config.status. ##
## ---------------------- ##

This file was extended by tsp  config.status 0.01, which was
generated by GNU Autoconf 2.61.  Invocation command line was

  CONFIG_FILES    = 
  CONFIG_HEADERS  = 
  CONFIG_LINKS    = 
  CONFIG_COMMANDS = 
  $ ./config.status 

on omhp-uva-142.wireless.uva.nl

config.status:636: creating Makefile
config.status:636: creating src/Makefile
config.status:636: creating config.h
config.status:898: executing depfiles commands

## ---------------- ##
## Cache variables. ##
## ---------------- ##

ac_cv_c_compiler_gnu=yes
ac_cv_env_CC_set=
ac_cv_env_CC_value=
ac_cv_env_CFLAGS_set=
ac_cv_env_CFLAGS_value=
ac_cv_env_CPPFLAGS_set=
ac_cv_env_CPPFLAGS_value=
ac_cv_env_LDFLAGS_set=
ac_cv_env_LDFLAGS_value=
ac_cv_env_LIBS_set=
ac_cv_env_LIBS_value=
ac_cv_env_build_alias_set=
ac_cv_env_build_alias_value=
ac_cv_env_host_alias_set=
ac_cv_env_host_alias_value=
ac_cv_env_target_alias_set=
ac_cv_env_target_alias_value=
ac_cv_objext=o
ac_cv_path_GSL_CONFIG=/opt/local/bin/gsl-config
ac_cv_path_install='/opt/local/bin/ginstall -c'
ac_cv_path_mkdir=/opt/local/bin/gmkdir
ac_cv_prog_AWK=gawk
ac_cv_prog_ac_ct_CC=gcc
ac_cv_prog_cc_c89=
ac_cv_prog_cc_g=yes
ac_cv_prog_make_make_set=yes
am_cv_CC_dependencies_compiler_type=gcc3

## ----------------- ##
## Output variables. ##
## ----------------- ##

ACLOCAL='${SHELL} /Users/anton/iDisk_Documents/MSc/DSS/Labs/travellingsalesman/missing --run aclocal-1.10'
AMDEPBACKSLASH='\'
AMDEP_FALSE='#'
AMDEP_TRUE=''
AMTAR='${SHELL} /Users/anton/iDisk_Documents/MSc/DSS/Labs/travellingsalesman/missing --run tar'
AUTOCONF='${SHELL} /Users/anton/iDisk_Documents/MSc/DSS/Labs/travellingsalesman/missing --run autoconf'
AUTOHEADER='${SHELL} /Users/anton/iDisk_Documents/MSc/DSS/Labs/travellingsalesman/missing --run autoheader'
AUTOMAKE='${SHELL} /Users/anton/iDisk_Documents/MSc/DSS/Labs/travellingsalesman/missing --run automake-1.10'
AWK='gawk'
CC='gcc'
CCDEPMODE='depmode=gcc3'
CFLAGS='-g -O2'
CPPFLAGS=''
CYGPATH_W='echo'
DEFS='-DHAVE_CONFIG_H'
DEPDIR='.deps'
ECHO_C='ECHO_N=''
ECHO_T=''
EXEEXT=''
GSL_CFLAGS='-I/opt/local/include'
GSL_CONFIG='/opt/local/bin/gsl-config'
GSL_LIBS='-L/opt/local/lib -lgsl -lgslcblas -lm'
INSTALL_DATA='${INSTALL} -m 644'
INSTALL_PROGRAM='${INSTALL}'
INSTALL_SCRIPT='${INSTALL}'
INSTALL_STRIP_PROGRAM='$(install_sh) -c -s'
LDFLAGS=''
LIBOBJS=''
LIBS=''
LTLIBOBJS=''
MAKEINFO='${SHELL} /Users/anton/iDisk_Documents/MSc/DSS/Labs/travellingsalesman/missing --run makeinfo'
OBJEXT='o'
PACKAGE='tsp'
PACKAGE_BUGREPORT='anton.bossenbroek@mac.com pstralen@science.uva.nl'
PACKAGE_NAME='tsp '
PACKAGE_STRING='tsp  0.01'
PACKAGE_TARNAME='tsp'
PACKAGE_VERSION='0.01'
PATH_SEPARATOR=':'
SET_MAKE=''
SHELL='/bin/sh'
STRIP=''
VERSION='0.01'
ac_ct_CC='gcc'
am__fastdepCC_FALSE='#'
am__fastdepCC_TRUE=''
am__include='include'
am__isrc=''
am__leading_dot='.'
am__quote=''
am__tar='${AMTAR} chof - "$$tardir"'
am__untar='${AMTAR} xf -'
bindir='${exec_prefix}/bin'
build_alias=''
datadir='${datarootdir}'
datarootdir='${prefix}/share'
docdir='${datarootdir}/doc/${PACKAGE_TARNAME}'
dvidir='${docdir}'
exec_prefix='${prefix}'
host_alias=''
htmldir='${docdir}'
includedir='${prefix}/include'
infodir='${datarootdir}/info'
install_sh='$(SHELL) /Users/anton/iDisk_Documents/MSc/DSS/Labs/travellingsalesman/install-sh'
libdir='${exec_prefix}/lib'
libexecdir='${exec_prefix}/libexec'
localedir='${datarootdir}/locale'
localstatedir='${prefix}/var'
mandir='${datarootdir}/man'
mkdir_p='/opt/local/bin/gmkdir -p'
oldincludedir='/usr/include'
pdfdir='${docdir}'
prefix='/usr/local'
program_transform_name='s,x,x,'
psdir='${docdir}'
sbindir='${exec_prefix}/sbin'
sharedstatedir='${prefix}/com'
sysconfdir='${prefix}/etc'
target_alias=''

## ----------- ##
## confdefs.h. ##
## ----------- ##

#define PACKAGE_NAME "tsp "
#define PACKAGE_TARNAME "tsp"
#define PACKAGE_VERSION "0.01"
#define PACKAGE_STRING "tsp  0.01"
#define PACKAGE_BUGREPORT "anton.bossenbroek@mac.com pstralen@science.uva.nl"
#define PACKAGE "tsp"
#define VERSION "0.01"

configure: exit 0

## ---------------------- ##
## Running config.status. ##
## ---------------------- ##

This file was extended by tsp  config.status 0.01, which was
generated by GNU Autoconf 2.61.  Invocation command line was

  CONFIG_FILES    = 
  CONFIG_HEADERS  = 
  CONFIG_LINKS    = 
  CONFIG_COMMANDS = 
  $ ./config.status config.h

on omhp-uva-142.wireless.uva.nl

config.status:636: creating config.h
config.status:852: config.h is unchanged
